Build started 15.6.2016 15:56:22.
     1>Project "C:\Users\aca\Documents\Visual Studio 2010\Projects\RE4\main\main.vcxproj" on node 2 (build target(s)).
     1>InitializeBuildStatus:
         Creating "Debug\Project.unsuccessfulbuild" because "AlwaysCreate" was specified.
       _MASM:
         Assembling [Inputs]...
         cmd.exe /C "C:\Users\aca\AppData\Local\Temp\tmp3b66289acb5d4bf2915ddbe0974aa08c.cmd"
         ml.exe /c /nologo /Zi /Fo"Debug\main.obj" /W3 /errorReport:prompt  /Tamain.asm
       Link:
         C:\Program Files\Microsoft Visual Studio 10.0\VC\bin\link.exe /ERRORREPORT:PROMPT /OUT:"C:\Users\aca\Documents\Visual Studio 2010\Projects\RE4\Debug\Project.exe" /NOLOGO kernel32.lib user32.lib gdi32.lib winspool.lib comdlg32.lib advapi32.lib shell32.lib ole32.lib oleaut32.lib uuid.lib odbc32.lib odbccp32.lib Irvine32.lib kernel32.lib user32.lib gdi32.lib winspool.lib comdlg32.lib advapi32.lib shell32.lib ole32.lib oleaut32.lib uuid.lib odbc32.lib odbccp32.lib /MANIFEST /ManifestFile:"Debug\Project.exe.intermediate.manifest" /MANIFESTUAC:"level='asInvoker' uiAccess='false'" /DEBUG /PDB:"C:\Users\aca\Documents\Visual Studio 2010\Projects\RE4\Debug\Project.pdb" /SUBSYSTEM:CONSOLE /TLBID:1 /DYNAMICBASE /NXCOMPAT /IMPLIB:"C:\Users\aca\Documents\Visual Studio 2010\Projects\RE4\Debug\Project.lib" /MACHINE:X86 Debug\main.obj
         LINK : C:\Users\aca\Documents\Visual Studio 2010\Projects\RE4\Debug\Project.exe not found or not built by the last incremental link; performing full link
         main.vcxproj -> C:\Users\aca\Documents\Visual Studio 2010\Projects\RE4\Debug\Project.exe
       Manifest:
         C:\Program Files\Microsoft SDKs\Windows\v7.0A\bin\mt.exe /nologo /verbose /outputresource:"C:\Users\aca\Documents\Visual Studio 2010\Projects\RE4\Debug\Project.exe;#1" /manifest Debug\Project.exe.intermediate.manifest
       FinalizeBuildStatus:
         Deleting file "Debug\Project.unsuccessfulbuild".
         Touching "Debug\Project.lastbuildstate".
     1>Done Building Project "C:\Users\aca\Documents\Visual Studio 2010\Projects\RE4\main\main.vcxproj" (build target(s)).

Build succeeded.

Time Elapsed 00:00:02.41
